For iteration 1
Total GPU time: 0.383808 ms
Total time: 3.63153 ms

For iteration 2
Total GPU time: 0.384768 ms
Total time: 3.66036 ms

For iteration 3
Total GPU time: 0.385312 ms
Total time: 3.62434 ms

For iteration 4
Total GPU time: 0.38608 ms
Total time: 3.71884 ms

For iteration 5
Total GPU time: 0.385024 ms
Total time: 3.70435 ms

For iteration 6
Total GPU time: 0.38656 ms
Total time: 3.68747 ms

For iteration 7
Total GPU time: 0.384384 ms
Total time: 3.63315 ms

For iteration 8
Total GPU time: 0.389024 ms
Total time: 3.63331 ms

For iteration 9
Total GPU time: 0.38352 ms
Total time: 3.68292 ms

For iteration 10
Total GPU time: 0.384448 ms
Total time: 3.69556 ms

For iteration 11
Total GPU time: 0.387008 ms
Total time: 3.61591 ms

For iteration 12
Total GPU time: 0.387968 ms
Total time: 3.64324 ms

For iteration 13
Total GPU time: 0.386464 ms
Total time: 3.64713 ms

For iteration 14
Total GPU time: 0.384352 ms
Total time: 3.65928 ms

For iteration 15
Total GPU time: 0.385344 ms
Total time: 3.69067 ms

For iteration 16
Total GPU time: 0.382752 ms
Total time: 3.64955 ms

For iteration 17
Total GPU time: 0.38592 ms
Total time: 3.6643 ms

For iteration 18
Total GPU time: 0.385248 ms
Total time: 3.65323 ms

For iteration 19
Total GPU time: 0.385088 ms
Total time: 3.67031 ms

For iteration 20
Total GPU time: 0.387936 ms
Total time: 3.65919 ms



Average GPU Execution Time(20 runs)= .385550
Average TOTAL Execution Time(20 runs)= 3.661232
